<?xml version="1.0" encoding="UTF-8"?>
<testsuite xmlns:xsi="http://www.w3.org/2001/XMLSchema-instance" xsi:noNamespaceSchemaLocation="https://maven.apache.org/surefire/maven-surefire-plugin/xsd/surefire-test-report-3.0.xsd" version="3.0" name="org.apache.openjpa.util.NewCustomProxyTest" time="0.05" tests="13" errors="0" skipped="0" failures="0">
  <properties>
[...]
</properties>
  <testcase name="newCustomProxyTest[0]" classname="org.apache.openjpa.util.NewCustomProxyTest" time="0"/>
  <testcase name="newCustomProxyTest[1]" classname="org.apache.openjpa.util.NewCustomProxyTest" time="0"/>
  <testcase name="newCustomProxyTest[2]" classname="org.apache.openjpa.util.NewCustomProxyTest" time="0"/>
  <testcase name="newCustomProxyTest[3]" classname="org.apache.openjpa.util.NewCustomProxyTest" time="0.004"/>
  <testcase name="newCustomProxyTest[4]" classname="org.apache.openjpa.util.NewCustomProxyTest" time="0.005"/>
  <testcase name="newCustomProxyTest[5]" classname="org.apache.openjpa.util.NewCustomProxyTest" time="0.007"/>
  <testcase name="newCustomProxyTest[6]" classname="org.apache.openjpa.util.NewCustomProxyTest" time="0.006"/>
  <testcase name="newCustomProxyTest[7]" classname="org.apache.openjpa.util.NewCustomProxyTest" time="0.003"/>
  <testcase name="newCustomProxyTest[8]" classname="org.apache.openjpa.util.NewCustomProxyTest" time="0.006"/>
  <testcase name="newCustomProxyTest[9]" classname="org.apache.openjpa.util.NewCustomProxyTest" time="0.002"/>
  <testcase name="newCustomProxyTest[10]" classname="org.apache.openjpa.util.NewCustomProxyTest" time="0.005"/>
  <testcase name="newCustomProxyTest[11]" classname="org.apache.openjpa.util.NewCustomProxyTest" time="0.003"/>
  <testcase name="newCustomProxyTest[12]" classname="org.apache.openjpa.util.NewCustomProxyTest" time="0"/>
</testsuite>