GROUP,PACKAGE,CLASS,INSTRUCTION_MISSED,INSTRUCTION_COVERED,BRANCH_MISSED,BRANCH_COVERED,LINE_MISSED,LINE_COVERED,COMPLEXITY_MISSED,COMPLEXITY_COVERED,METHOD_MISSED,METHOD_COVERED
Tests/openjpa-kernel,org.apache.openjpa.event,DynamicTCPRemoteCommitProvider.TcpAddressesUpdater,211,0,18,0,34,0,13,0,4,0
Tests/openjpa-kernel,org.apache.openjpa.event,LifecycleEventManager,1072,0,269,0,254,0,164,0,23,0
Tests/openjpa-kernel,org.apache.openjpa.event,ExceptionOrphanedKeyAction,16,0,0,0,4,0,3,0,3,0
Tests/openjpa-kernel,org.apache.openjpa.event,RemoteCommitEventManager,318,0,64,0,95,0,51,0,19,0
Tests/openjpa-kernel,org.apache.openjpa.event,DynamicTCPRemoteCommitProvider,51,0,0,0,14,0,5,0,5,0
Tests/openjpa-kernel,org.apache.openjpa.event,BrokerFactoryEventManager,29,0,0,0,11,0,3,0,3,0
Tests/openjpa-kernel,org.apache.openjpa.event,AbstractRemoteCommitProvider,58,0,8,0,16,0,11,0,7,0
Tests/openjpa-kernel,org.apache.openjpa.event,AbstractTransactionListener,40,0,0,0,20,0,11,0,11,0
Tests/openjpa-kernel,org.apache.openjpa.event,NoneOrphanedKeyAction,5,0,0,0,2,0,2,0,2,0
Tests/openjpa-kernel,org.apache.openjpa.event,LogOrphanedKeyAction,116,0,20,0,28,0,20,0,8,0
Tests/openjpa-kernel,org.apache.openjpa.event,MethodLifecycleCallbacks,245,0,38,0,52,0,31,0,12,0
Tests/openjpa-kernel,org.apache.openjpa.event,SingleJVMRemoteCommitProvider,37,0,4,0,12,0,6,0,4,0
Tests/openjpa-kernel,org.apache.openjpa.event,BeanLifecycleCallbacks,127,0,8,0,29,0,11,0,7,0
Tests/openjpa-kernel,org.apache.openjpa.event,TCPRemoteCommitProvider.TCPPortListener.ReceiveSocketHandler,281,0,30,0,57,0,20,0,5,0
Tests/openjpa-kernel,org.apache.openjpa.event,AbstractLifecycleListener,76,0,0,0,38,0,20,0,20,0
Tests/openjpa-kernel,org.apache.openjpa.event,TCPRemoteCommitProvider.HostAddress.SocketPoolableObjectFactory,133,0,4,0,15,0,6,0,4,0
Tests/openjpa-kernel,org.apache.openjpa.event,TCPRemoteCommitProvider.TCPPortListener,297,0,28,0,77,0,20,0,6,0
Tests/openjpa-kernel,org.apache.openjpa.event,TCPRemoteCommitProvider.BroadcastQueue,48,0,6,0,15,0,8,0,5,0
Tests/openjpa-kernel,org.apache.openjpa.event,BrokerFactoryEvent,14,0,0,0,5,0,3,0,3,0
Tests/openjpa-kernel,org.apache.openjpa.event,RemoteCommitEvent,239,0,36,0,55,0,30,0,12,0
Tests/openjpa-kernel,org.apache.openjpa.event,JMSRemoteCommitProvider,344,0,38,0,94,0,33,0,14,0
Tests/openjpa-kernel,org.apache.openjpa.event,TransactionEvent,50,0,8,0,12,0,10,0,6,0
Tests/openjpa-kernel,org.apache.openjpa.event,TransactionEventManager,177,0,48,0,47,0,35,0,7,0
Tests/openjpa-kernel,org.apache.openjpa.event,LifecycleEventManager.ListenerList,206,0,30,0,52,0,21,0,6,0
Tests/openjpa-kernel,org.apache.openjpa.event,TCPRemoteCommitProvider.BroadcastWorkerThread,49,0,6,0,17,0,7,0,4,0
Tests/openjpa-kernel,org.apache.openjpa.event,TCPRemoteCommitProvider,531,0,36,0,131,0,38,0,20,0
Tests/openjpa-kernel,org.apache.openjpa.event,LifecycleEvent,114,0,0,0,9,0,5,0,5,0
Tests/openjpa-kernel,org.apache.openjpa.event,TCPRemoteCommitProvider.HostAddress,346,0,30,0,87,0,28,0,13,0
Tests/openjpa-kernel,org.apache.openjpa.event,JMSRemoteCommitProvider.new MessageListener() {...},114,0,16,0,29,0,10,0,2,0
Tests/openjpa-kernel,org.apache.openjpa.instrumentation.jmx,PreparedQueryCacheJMXInstrument,80,0,4,0,23,0,10,0,8,0
Tests/openjpa-kernel,org.apache.openjpa.instrumentation.jmx,QueryCacheJMXInstrument,83,0,4,0,24,0,10,0,8,0
Tests/openjpa-kernel,org.apache.openjpa.instrumentation.jmx,DataCacheJMXInstrument,115,0,10,0,32,0,13,0,8,0
Tests/openjpa-kernel,org.apache.openjpa.instrumentation.jmx,JMXProvider,275,0,34,0,65,0,27,0,10,0
Tests/openjpa-kernel,org.apache.openjpa.datacache,DataCacheStoreManager.PCDataHolder,9,0,0,0,4,0,1,0,1,0
Tests/openjpa-kernel,org.apache.openjpa.datacache,ClearableScheduler.Schedule,358,0,30,0,66,0,20,0,5,0
Tests/openjpa-kernel,org.apache.openjpa.datacache,TypeBasedCacheDistributionPolicy,88,0,14,0,22,0,14,0,7,0
Tests/openjpa-kernel,org.apache.openjpa.datacache,ExpirationEvent,16,0,0,0,6,0,3,0,3,0
Tests/openjpa-kernel,org.apache.openjpa.datacache,ClearableScheduler,220,0,20,0,59,0,20,0,10,0
Tests/openjpa-kernel,org.apache.openjpa.datacache,QueryCacheStoreQuery.QueryCacheExecutor,385,0,28,0,71,0,41,0,27,0
Tests/openjpa-kernel,org.apache.openjpa.datacache,DataCacheMode,54,0,0,0,6,0,1,0,1,0
Tests/openjpa-kernel,org.apache.openjpa.datacache,DataCachePCDataGenerator,621,0,8,0,116,0,14,0,10,0
Tests/openjpa-kernel,org.apache.openjpa.datacache,QueryCacheStoreQuery.CachingResultObjectProvider,334,0,42,0,89,0,34,0,13,0
Tests/openjpa-kernel,org.apache.openjpa.datacache,DefaultCacheDistributionPolicy,10,0,0,0,5,0,5,0,5,0
Tests/openjpa-kernel,org.apache.openjpa.datacache,QueryCacheStoreQuery.CachedList,72,0,6,0,17,0,7,0,4,0
Tests/openjpa-kernel,org.apache.openjpa.datacache,DataCachePCDataImpl,260,0,38,0,72,0,43,0,24,0
Tests/openjpa-kernel,org.apache.openjpa.datacache,PartitionedDataCache,291,0,28,0,59,0,25,0,11,0
Tests/openjpa-kernel,org.apache.openjpa.datacache,QueryCacheStoreQuery,322,0,44,0,87,0,50,0,27,0
Tests/openjpa-kernel,org.apache.openjpa.datacache,QueryCacheStoreQuery.CachedObjectId,6,0,0,0,3,0,1,0,1,0
Tests/openjpa-kernel,org.apache.openjpa.datacache,DelegatingQueryCache,276,0,38,0,102,0,40,0,21,0
Tests/openjpa-kernel,org.apache.openjpa.datacache,QueryKey,817,0,127,0,183,0,84,0,20,0
Tests/openjpa-kernel,org.apache.openjpa.datacache,TypesChangedEvent,10,0,0,0,4,0,2,0,2,0
Tests/openjpa-kernel,org.apache.openjpa.datacache,DataCacheStoreManager,1745,0,354,0,411,0,201,0,23,0
Tests/openjpa-kernel,org.apache.openjpa.datacache,AbstractDataCache,1008,0,144,0,233,0,127,0,55,0
Tests/openjpa-kernel,org.apache.openjpa.datacache,ConcurrentDataCache,148,0,6,0,44,0,25,0,22,0
Tests/openjpa-kernel,org.apache.openjpa.datacache,QueryResult,56,0,6,0,14,0,9,0,6,0
Tests/openjpa-kernel,org.apache.openjpa.datacache,AbstractQueryCache.Default,425,0,16,0,84,0,34,0,26,0
Tests/openjpa-kernel,org.apache.openjpa.datacache,CacheStatisticsImpl,333,0,24,0,79,0,46,0,34,0
Tests/openjpa-kernel,org.apache.openjpa.datacache,DataCacheStoreManager.Modifications,23,0,0,0,5,0,1,0,1,0
Tests/openjpa-kernel,org.apache.openjpa.datacache,AbstractQueryCache,632,0,104,0,173,0,85,0,33,0
Tests/openjpa-kernel,org.apache.openjpa.datacache,ConcurrentQueryCache,125,0,4,0,37,0,22,0,20,0
Tests/openjpa-kernel,org.apache.openjpa.datacache,Caches,52,0,8,0,14,0,6,0,2,0
Tests/openjpa-kernel,org.apache.openjpa.datacache,DelegatingDataCache,525,0,72,0,191,0,74,0,38,0
Tests/openjpa-kernel,org.apache.openjpa.datacache,ConcurrentDataCache.new CacheMap() {...},13,0,0,0,3,0,2,0,2,0
Tests/openjpa-kernel,org.apache.openjpa.datacache,AbstractQueryCache.EvictPolicy,24,0,0,0,1,0,1,0,1,0
Tests/openjpa-kernel,org.apache.openjpa.datacache,DataCacheManagerImpl,350,0,50,0,82,0,43,0,18,0
Tests/openjpa-kernel,org.apache.openjpa.enhance,RedefinitionHelper.new InvocationHandler() {...},20,0,0,0,3,0,2,0,2,0
Tests/openjpa-kernel,org.apache.openjpa.enhance,ReflectingPersistenceCapable,712,0,86,0,172,0,88,0,37,0
Tests/openjpa-kernel,org.apache.openjpa.enhance,PCClassFileTransformer,373,0,52,0,96,0,34,0,8,0
Tests/openjpa-kernel,org.apache.openjpa.enhance,PCEnhancer.Flags,15,0,0,0,5,0,1,0,1,0
Tests/openjpa-kernel,org.apache.openjpa.enhance,ManagedClassSubclasser,608,0,100,0,135,0,61,0,11,0
Tests/openjpa-kernel,org.apache.openjpa.enhance,PCRegistry,279,19,30,0,66,4,33,2,18,2
Tests/openjpa-kernel,org.apache.openjpa.enhance,PCEnhancer.new Configurations.Runnable() {...},20,0,0,0,4,0,2,0,2,0
Tests/openjpa-kernel,org.apache.openjpa.enhance,AsmAdaptor,220,0,16,0,63,0,19,0,11,0
Tests/openjpa-kernel,org.apache.openjpa.enhance,InstrumentationFactory,556,0,64,0,117,0,44,0,12,0
Tests/openjpa-kernel,org.apache.openjpa.enhance,InstrumentationFactory.new PrivilegedAction() {...},57,0,10,0,21,0,7,0,2,0
Tests/openjpa-kernel,org.apache.openjpa.enhance,AsmAdaptor.new ClassVisitor() {...},42,0,16,0,7,0,10,0,2,0
Tests/openjpa-kernel,org.apache.openjpa.enhance,ClassRedefiner.new ClassFileTransformer() {...},12,0,0,0,2,0,2,0,2,0
Tests/openjpa-kernel,org.apache.openjpa.enhance,ApplicationIdTool.new Configurations.Runnable() {...},20,0,0,0,4,0,2,0,2,0
Tests/openjpa-kernel,org.apache.openjpa.enhance,PCEnhancerAgent,181,0,24,0,59,0,19,0,7,0
Tests/openjpa-kernel,org.apache.openjpa.enhance,DynamicStorageGenerator,1127,0,65,0,238,0,61,0,25,0
Tests/openjpa-kernel,org.apache.openjpa.enhance,PCEnhancer,11353,0,1127,0,2458,0,724,0,136,0
Tests/openjpa-kernel,org.apache.openjpa.enhance,ManagedClassSubclasser.new BytecodeWriter() {...},31,0,0,0,3,0,2,0,2,0
Tests/openjpa-kernel,org.apache.openjpa.enhance,ApplicationIdTool.Flags,21,0,0,0,7,0,1,0,1,0
Tests/openjpa-kernel,org.apache.openjpa.enhance,ClassRedefiner,105,0,16,0,31,0,12,0,4,0
Tests/openjpa-kernel,org.apache.openjpa.enhance,ApplicationIdTool,3851,0,376,0,779,0,239,0,48,0
Tests/openjpa-kernel,org.apache.openjpa.enhance,RedefinitionHelper,280,0,50,0,91,0,40,0,15,0
Tests/openjpa-kernel,org.apache.openjpa.enhance,PersistenceCapable,5,0,0,0,1,0,1,0,1,0
Tests/openjpa-kernel,org.apache.openjpa.enhance,Reflection,1769,0,266,0,419,0,202,0,69,0
Tests/openjpa-kernel,org.apache.openjpa.enhance,CodeGenerator,1275,0,128,0,276,0,95,0,31,0
Tests/openjpa-kernel,org.apache.openjpa.enhance,AsmAdaptor.BCClassWriter,63,0,10,0,17,0,7,0,2,0
Tests/openjpa-kernel,org.apache.openjpa.enhance,AsmAdaptor.EnhancedStatusException,6,0,0,0,3,0,1,0,1,0
Tests/openjpa-kernel,org.apache.openjpa.enhance,PCSubclassValidator,494,0,64,0,123,0,45,0,13,0
Tests/openjpa-kernel,org.apache.openjpa.enhance,PCEnhancerAgent.new ClassResolver() {...},9,0,0,0,2,0,2,0,2,0
Tests/openjpa-kernel,org.apache.openjpa.enhance,PCDataGenerator,3009,0,80,0,581,0,76,0,36,0
Tests/openjpa-kernel,org.apache.openjpa.enhance,PCRegistry.Meta,18,0,0,0,7,0,1,0,1,0
Tests/openjpa-kernel,org.apache.openjpa.audit,AuditLogger,165,0,8,0,26,0,13,0,9,0
Tests/openjpa-kernel,org.apache.openjpa.audit,AuditableOperation,44,0,0,0,5,0,1,0,1,0
Tests/openjpa-kernel,org.apache.openjpa.kernel,UUIDHexSeq,26,0,0,0,11,0,8,0,8,0
Tests/openjpa-kernel,org.apache.openjpa.kernel,ExtentImpl.CloseableIteratorChain,68,0,10,0,18,0,11,0,6,0
Tests/openjpa-kernel,org.apache.openjpa.kernel,ENonTransState,48,0,4,0,19,0,13,0,11,0
Tests/openjpa-kernel,org.apache.openjpa.kernel,AbstractPCData.ProxyDataList,13,0,0,0,4,0,2,0,2,0
Tests/openjpa-kernel,org.apache.openjpa.kernel,StoreQuery.Range,30,0,0,0,9,0,2,0,2,0
Tests/openjpa-kernel,org.apache.openjpa.kernel,BrokerImpl.TransactionalCache,319,0,78,0,69,0,61,0,22,0
Tests/openjpa-kernel,org.apache.openjpa.kernel,BrokerImpl,9519,0,1426,0,2494,0,995,0,277,0
Tests/openjpa-kernel,org.apache.openjpa.kernel,DistinctResultList,216,0,6,0,63,0,29,0,26,0
Tests/openjpa-kernel,org.apache.openjpa.kernel,FillStrategy.Factory,158,0,12,0,21,0,8,0,2,0
Tests/openjpa-kernel,org.apache.openjpa.kernel,ECopyState,42,0,0,0,18,0,14,0,14,0
Tests/openjpa-kernel,org.apache.openjpa.kernel,ExpressionStoreQuery.AbstractExpressionExecutor,405,0,56,0,96,0,50,0,22,0
Tests/openjpa-kernel,org.apache.openjpa.kernel,AbstractLockManager,37,0,2,0,13,0,9,0,8,0
Tests/openjpa-kernel,org.apache.openjpa.kernel,PNonTransDirtyState,30,0,0,0,13,0,11,0,11,0
Tests/openjpa-kernel,org.apache.openjpa.kernel,BrokerImpl.ManagedObjectCollection,18,0,0,0,6,0,4,0,4,0
Tests/openjpa-kernel,org.apache.openjpa.kernel,SaveFieldManager,377,0,70,0,89,0,47,0,10,0
Tests/openjpa-kernel,org.apache.openjpa.kernel,OpenJPASavepoint,107,0,8,0,26,0,12,0,8,0
Tests/openjpa-kernel,org.apache.openjpa.kernel,PNewFlushedDeletedState,49,0,0,0,18,0,17,0,17,0
Tests/openjpa-kernel,org.apache.openjpa.kernel,QueryImpl,3471,0,515,0,855,0,371,0,109,0
Tests/openjpa-kernel,org.apache.openjpa.kernel,ROPStoreManager,65,0,8,0,20,0,9,0,5,0
Tests/openjpa-kernel,org.apache.openjpa.kernel,ObjectIdStateManager,850,0,56,0,235,0,176,0,143,0
Tests/openjpa-kernel,org.apache.openjpa.kernel,PCState,283,0,44,0,103,0,57,0,35,0
Tests/openjpa-kernel,org.apache.openjpa.kernel,FillStrategy.Map,95,0,6,0,15,0,5,0,2,0
Tests/openjpa-kernel,org.apache.openjpa.kernel,DetachManager.DetachFieldManager,136,0,22,0,32,0,16,0,4,0
Tests/openjpa-kernel,org.apache.openjpa.kernel,InMemorySavepointManager,29,0,2,0,10,0,6,0,5,0
Tests/openjpa-kernel,org.apache.openjpa.kernel,OrderingMergedResultObjectProvider.OrderingComparator,87,0,20,0,22,0,13,0,3,0
Tests/openjpa-kernel,org.apache.openjpa.kernel,DataCacheRetrieveMode,24,0,0,0,3,0,1,0,1,0
Tests/openjpa-kernel,org.apache.openjpa.kernel,QueryStatistics.None,54,0,0,0,23,0,19,0,19,0
Tests/openjpa-kernel,org.apache.openjpa.kernel,VersionAttachStrategy,802,0,150,0,198,0,92,0,14,0
Tests/openjpa-kernel,org.apache.openjpa.kernel,Filters,2151,0,582,0,547,0,341,0,37,0
Tests/openjpa-kernel,org.apache.openjpa.kernel,TimeSeededSeq,35,0,0,0,12,0,8,0,8,0
Tests/openjpa-kernel,org.apache.openjpa.kernel,QueryImpl.PackingResultObjectProvider,84,0,8,0,26,0,15,0,11,0
Tests/openjpa-kernel,org.apache.openjpa.kernel,UUIDStringSeq,26,0,0,0,11,0,8,0,8,0
Tests/openjpa-kernel,org.apache.openjpa.kernel,TransferFieldManager,152,0,4,0,50,0,24,0,22,0
Tests/openjpa-kernel,org.apache.openjpa.kernel,AbstractBrokerFactory.RemoveTransactionSync,18,0,0,0,6,0,3,0,3,0
Tests/openjpa-kernel,org.apache.openjpa.kernel,FillStrategy,4,0,0,0,1,0,1,0,1,0
Tests/openjpa-kernel,org.apache.openjpa.kernel,FillStrategy.NewInstance,130,0,14,0,28,0,11,0,4,0
Tests/openjpa-kernel,org.apache.openjpa.kernel,DetachedValueStateManager,647,0,29,0,178,0,141,0,122,0
Tests/openjpa-kernel,org.apache.openjpa.kernel,PNewState,63,0,4,0,26,0,18,0,16,0
Tests/openjpa-kernel,org.apache.openjpa.kernel,PNewProvisionalState,49,0,0,0,22,0,16,0,16,0
Tests/openjpa-kernel,org.apache.openjpa.kernel,FillStrategy.Array,36,0,4,0,8,0,4,0,2,0
Tests/openjpa-kernel,org.apache.openjpa.kernel,ResultShape,579,0,72,0,116,0,63,0,27,0
Tests/openjpa-kernel,org.apache.openjpa.kernel,QueryStatistics.Default,431,0,18,0,85,0,34,0,25,0
Tests/openjpa-kernel,org.apache.openjpa.kernel,DetachManagerLite,146,0,20,0,37,0,14,0,4,0
Tests/openjpa-kernel,org.apache.openjpa.kernel,AbstractFieldManager,83,0,0,0,21,0,21,0,21,0
Tests/openjpa-kernel,org.apache.openjpa.kernel,DetachedStateManager,1630,0,216,0,409,0,240,0,126,0
Tests/openjpa-kernel,org.apache.openjpa.kernel,PNewFlushedDeletedFlushedState,10,0,0,0,5,0,4,0,4,0
Tests/openjpa-kernel,org.apache.openjpa.kernel,FillStrategy.Assign,21,0,0,0,5,0,2,0,2,0
Tests/openjpa-kernel,org.apache.openjpa.kernel,StateManagerImpl,7030,0,1152,0,1645,0,832,0,239,0
Tests/openjpa-kernel,org.apache.openjpa.kernel,DelegatingBrokerFactory,256,0,10,0,88,0,30,0,25,0
Tests/openjpa-kernel,org.apache.openjpa.kernel,ExpressionStoreQuery.InMemoryExecutor.AssertNoVariablesExpressionVisitor,23,0,2,0,7,0,3,0,2,0
Tests/openjpa-kernel,org.apache.openjpa.kernel,DetachManager,855,0,162,0,221,0,96,0,15,0
Tests/openjpa-kernel,org.apache.openjpa.kernel,UUIDType4StringSeq,26,0,0,0,11,0,8,0,8,0
Tests/openjpa-kernel,org.apache.openjpa.kernel,QueryImpl.MergedExecutor,421,0,34,0,70,0,42,0,25,0
Tests/openjpa-kernel,org.apache.openjpa.kernel,ExtentImpl,308,0,46,0,88,0,36,0,13,0
Tests/openjpa-kernel,org.apache.openjpa.kernel,HollowState,35,0,0,0,17,0,13,0,13,0
Tests/openjpa-kernel,org.apache.openjpa.kernel,ResultPacker,920,0,164,0,194,0,94,0,12,0
Tests/openjpa-kernel,org.apache.openjpa.kernel,DelegatingSeq,125,0,10,0,39,0,17,0,12,0
Tests/openjpa-kernel,org.apache.openjpa.kernel,MethodStoreQuery,170,0,12,0,31,0,15,0,9,0
Tests/openjpa-kernel,org.apache.openjpa.kernel,StoreContext,6,0,0,0,1,0,1,0,1,0
Tests/openjpa-kernel,org.apache.openjpa.kernel,TransientState,19,0,0,0,6,0,3,0,3,0
Tests/openjpa-kernel,org.apache.openjpa.kernel,NoneLockManager,17,0,0,0,8,0,5,0,5,0
Tests/openjpa-kernel,org.apache.openjpa.kernel,PDirtyState,58,0,4,0,21,0,19,0,17,0
Tests/openjpa-kernel,org.apache.openjpa.kernel,DelegatingResultList.DelegatingListIterator,152,0,6,0,49,0,17,0,14,0
Tests/openjpa-kernel,org.apache.openjpa.kernel,AbstractPCData,669,0,106,0,167,0,74,0,14,0
Tests/openjpa-kernel,org.apache.openjpa.kernel,FinalizingBrokerImpl,11,0,2,0,5,0,3,0,2,0
Tests/openjpa-kernel,org.apache.openjpa.kernel,EDirtyState,45,0,0,0,20,0,16,0,16,0
Tests/openjpa-kernel,org.apache.openjpa.kernel,AbstractPCResultObjectProvider,76,0,2,0,24,0,12,0,11,0
Tests/openjpa-kernel,org.apache.openjpa.kernel,ExtentImpl.FilterDeletedIterator,76,0,10,0,20,0,12,0,7,0
Tests/openjpa-kernel,org.apache.openjpa.kernel,DelegatingQuery,758,0,10,0,273,0,83,0,78,0
Tests/openjpa-kernel,org.apache.openjpa.kernel,ExpressionStoreQuery.InMemoryExecutor,374,0,30,0,62,0,21,0,6,0
Tests/openjpa-kernel,org.apache.openjpa.kernel,AttachManager,566,0,86,0,147,0,63,0,20,0
Tests/openjpa-kernel,org.apache.openjpa.kernel,Audited,159,0,16,0,28,0,15,0,7,0
Tests/openjpa-kernel,org.apache.openjpa.kernel,AbstractStoreQuery.AbstractExecutor,130,0,12,0,33,0,29,0,23,0
Tests/openjpa-kernel,org.apache.openjpa.kernel,ExpressionStoreQuery.AbstractExpressionExecutor.ValidateGroupingExpressionVisitor,176,0,32,0,48,0,20,0,4,0
Tests/openjpa-kernel,org.apache.openjpa.kernel,AutoDetach,47,0,0,0,2,0,1,0,1,0
Tests/openjpa-kernel,org.apache.openjpa.kernel,ExpressionStoreQuery,133,0,6,0,32,0,21,0,18,0
Tests/openjpa-kernel,org.apache.openjpa.kernel,PNonTransDeletedState,47,0,0,0,14,0,14,0,14,0
Tests/openjpa-kernel,org.apache.openjpa.kernel,PCDataImpl,612,0,88,0,153,0,78,0,34,0
Tests/openjpa-kernel,org.apache.openjpa.kernel,Bootstrap,247,0,12,0,60,0,15,0,9,0
Tests/openjpa-kernel,org.apache.openjpa.kernel,ExpressionStoreQuery.new Resolver() {...},35,0,0,0,6,0,6,0,6,0
Tests/openjpa-kernel,org.apache.openjpa.kernel,DetachedStateAttachStrategy,334,0,60,0,82,0,36,0,5,0
Tests/openjpa-kernel,org.apache.openjpa.kernel,AbstractBrokerFactory,1331,0,156,0,352,0,125,0,47,0
Tests/openjpa-kernel,org.apache.openjpa.kernel,QueryLanguages,61,0,2,0,18,0,4,0,3,0
Tests/openjpa-kernel,org.apache.openjpa.kernel,EDeletedState,30,0,0,0,13,0,12,0,12,0
Tests/openjpa-kernel,org.apache.openjpa.kernel,DataCacheStoreMode,34,0,0,0,4,0,1,0,1,0
Tests/openjpa-kernel,org.apache.openjpa.kernel,PDeletedState,57,0,2,0,19,0,18,0,17,0
Tests/openjpa-kernel,org.apache.openjpa.kernel,AbstractBrokerFactory.new Object() {...},6,0,0,0,1,0,1,0,1,0
Tests/openjpa-kernel,org.apache.openjpa.kernel,QueryResultCallback,53,0,0,0,13,0,7,0,7,0
Tests/openjpa-kernel,org.apache.openjpa.kernel,TLoadedState,11,0,0,0,5,0,4,0,4,0
Tests/openjpa-kernel,org.apache.openjpa.kernel,PDeletedFlushedState,11,0,0,0,5,0,4,0,4,0
Tests/openjpa-kernel,org.apache.openjpa.kernel,DelegatingResultList,362,0,8,0,114,0,41,0,37,0
Tests/openjpa-kernel,org.apache.openjpa.kernel,FetchConfigurationImpl.ConfigurationState,63,0,0,0,21,0,1,0,1,0
Tests/openjpa-kernel,org.apache.openjpa.kernel,ExtentImpl.FilterNewIterator,50,0,10,0,13,0,8,0,3,0
Tests/openjpa-kernel,org.apache.openjpa.kernel,SingleFieldManager,1920,0,422,0,442,0,263,0,38,0
Tests/openjpa-kernel,org.apache.openjpa.kernel,PNonTransState,127,0,22,0,42,0,25,0,14,0
Tests/openjpa-kernel,org.apache.openjpa.kernel,TCleanState,40,0,4,0,14,0,10,0,8,0
Tests/openjpa-kernel,org.apache.openjpa.kernel,QueryImpl.CompilationKey,147,0,32,0,29,0,19,0,3,0
Tests/openjpa-kernel,org.apache.openjpa.kernel,DetachManager.InstanceDetachFieldManager,679,0,110,0,156,0,77,0,19,0
Tests/openjpa-kernel,org.apache.openjpa.kernel,AttachStrategy,1165,0,231,0,261,0,138,0,16,0
Tests/openjpa-kernel,org.apache.openjpa.kernel,ManagedCache,630,0,140,0,145,0,82,0,12,0
Tests/openjpa-kernel,org.apache.openjpa.kernel,MethodStoreQuery.MethodExecutor,487,0,60,0,108,0,37,0,7,0
Tests/openjpa-kernel,org.apache.openjpa.kernel,InverseManager,626,0,149,0,160,0,100,0,21,0
Tests/openjpa-kernel,org.apache.openjpa.kernel,ClearFieldManager,30,0,0,0,14,0,13,0,13,0
Tests/openjpa-kernel,org.apache.openjpa.kernel,AbstractStoreQuery,51,0,0,0,22,0,20,0,20,0
Tests/openjpa-kernel,org.apache.openjpa.kernel,FillStrategy.Bean,124,0,8,0,19,0,6,0,2,0
Tests/openjpa-kernel,org.apache.openjpa.kernel,AuditManager.AuditCallback,213,0,18,0,63,0,31,0,22,0
Tests/openjpa-kernel,org.apache.openjpa.kernel,TDirtyState,47,0,2,0,16,0,13,0,12,0
Tests/openjpa-kernel,org.apache.openjpa.kernel,SavepointFieldManager,332,0,40,0,80,0,38,0,16,0
Tests/openjpa-kernel,org.apache.openjpa.kernel,ECleanState,35,0,0,0,17,0,15,0,15,0
Tests/openjpa-kernel,org.apache.openjpa.kernel,BrokerImpl.StateManagerId,106,0,10,0,20,0,12,0,7,0
Tests/openjpa-kernel,org.apache.openjpa.kernel,DelegatingBroker,1875,0,18,0,678,0,193,0,184,0
Tests/openjpa-kernel,org.apache.openjpa.kernel,StoreQuery,25,0,0,0,7,0,1,0,1,0
Tests/openjpa-kernel,org.apache.openjpa.kernel,ExpressionStoreQuery.DataStoreExecutor,429,0,40,0,61,0,28,0,8,0
Tests/openjpa-kernel,org.apache.openjpa.kernel,PCleanState,38,0,2,0,19,0,16,0,15,0
Tests/openjpa-kernel,org.apache.openjpa.kernel,LocalManagedRuntime,238,0,34,0,86,0,35,0,18,0
Tests/openjpa-kernel,org.apache.openjpa.kernel,QueryImpl.RemoveOnCloseResultList,194,0,8,0,52,0,39,0,35,0
Tests/openjpa-kernel,org.apache.openjpa.kernel,DelegatingExtent,173,0,10,0,59,0,23,0,18,0
Tests/openjpa-kernel,org.apache.openjpa.kernel,DelegatingFetchConfiguration,699,0,10,0,238,0,72,0,67,0
Tests/openjpa-kernel,org.apache.openjpa.kernel,QueryImpl.Compilation,12,0,0,0,4,0,1,0,1,0
Tests/openjpa-kernel,org.apache.openjpa.kernel,FetchConfigurationImpl,2196,0,394,0,493,0,292,0,95,0
Tests/openjpa-kernel,org.apache.openjpa.kernel,BrokerImpl.ManagedObjectCollection.new Iterator() {...},26,0,0,0,6,0,4,0,4,0
Tests/openjpa-kernel,org.apache.openjpa.kernel,PNewDeletedState,49,0,0,0,18,0,16,0,16,0
Tests/openjpa-kernel,org.apache.openjpa.kernel,VersionLockManager,160,0,24,0,45,0,25,0,13,0
Tests/openjpa-kernel,org.apache.openjpa.kernel,ResultShapePacker,86,0,12,0,15,0,9,0,3,0
Tests/openjpa-kernel,org.apache.openjpa.kernel,PNonTransNewState,26,0,0,0,12,0,10,0,10,0
Tests/openjpa-kernel,org.apache.openjpa.kernel,OrderingMergedResultObjectProvider,87,0,6,0,16,0,6,0,3,0
Tests/openjpa-kernel,org.apache.openjpa.kernel,UUIDType4HexSeq,26,0,0,0,11,0,8,0,8,0
Tests/openjpa-kernel,org.apache.openjpa.kernel,DelegatingStoreManager,221,0,8,0,55,0,40,0,36,0
Tests/openjpa-kernel,org.apache.openjpa.kernel,AuditManager,302,0,48,0,76,0,42,0,18,0
Tests/openjpa-kernel,org.apache.openjpa.validation,ValidationException,12,0,0,0,5,0,2,0,2,0
Tests/openjpa-kernel,org.apache.openjpa.validation,AbstractValidator,5,0,0,0,2,0,2,0,2,0
Tests/openjpa-kernel,org.apache.openjpa.validation,ValidationUnavailableException,20,0,0,0,8,0,4,0,4,0
Tests/openjpa-kernel,org.apache.openjpa.validation,ValidatingLifecycleEventManager,200,0,42,0,43,0,33,0,12,0
Tests/openjpa-kernel,org.apache.openjpa.kernel.jpql,JPQLTreeConstants,460,0,0,0,1,0,1,0,1,0
Tests/openjpa-kernel,org.apache.openjpa.kernel.jpql,SimpleNode,5,0,0,0,2,0,1,0,1,0
Tests/openjpa-kernel,org.apache.openjpa.kernel.jpql,JPQL.JJCalls,3,0,0,0,1,0,1,0,1,0
Tests/openjpa-kernel,org.apache.openjpa.kernel.jpql,TokenMgrError,173,0,18,0,37,0,19,0,6,0
Tests/openjpa-kernel,org.apache.openjpa.kernel.jpql,ParseException,235,0,28,0,57,0,25,0,7,0
Tests/openjpa-kernel,org.apache.openjpa.kernel.jpql,JavaCharStream,1317,0,99,0,257,0,97,0,39,0
Tests/openjpa-kernel,org.apache.openjpa.kernel.jpql,JPQL,29961,0,5044,0,7154,0,3636,0,942,0
Tests/openjpa-kernel,org.apache.openjpa.kernel.jpql,JPQLConstants,428,0,0,0,1,0,1,0,1,0
Tests/openjpa-kernel,org.apache.openjpa.kernel.jpql,JPQLExpressionBuilder,5544,0,737,0,1124,0,510,0,101,0
Tests/openjpa-kernel,org.apache.openjpa.kernel.jpql,JJTJPQLState,228,0,10,0,54,0,17,0,12,0
Tests/openjpa-kernel,org.apache.openjpa.kernel.jpql,JPQLTokenManager,6405,0,987,0,1204,0,692,0,35,0
Tests/openjpa-kernel,org.apache.openjpa.kernel.jpql,JPQLExpressionBuilder.ParsedJPQL,75,0,6,0,21,0,9,0,6,0
Tests/openjpa-kernel,org.apache.openjpa.kernel.jpql,JPQLParser,87,0,6,0,22,0,10,0,7,0
Tests/openjpa-kernel,org.apache.openjpa.kernel.jpql,Token,34,0,0,0,12,0,7,0,7,0
Tests/openjpa-kernel,org.apache.openjpa.kernel.jpql,JPQLExpressionBuilder.JPQLNode,292,0,34,0,63,0,40,0,23,0
Tests/openjpa-kernel,org.apache.openjpa.ee,InvocationManagedRuntime,82,0,2,0,23,0,10,0,9,0
Tests/openjpa-kernel,org.apache.openjpa.ee,WASRegistryManagedRuntime,40,0,0,0,12,0,2,0,2,0
Tests/openjpa-kernel,org.apache.openjpa.ee,WASRegistryManagedRuntime.DelegatingUOWAction,13,0,0,0,5,0,2,0,2,0
Tests/openjpa-kernel,org.apache.openjpa.ee,WLSManagedRuntime,78,0,0,0,22,0,4,0,4,0
Tests/openjpa-kernel,org.apache.openjpa.ee,WASManagedRuntime.WASTransaction,173,0,8,0,35,0,18,0,14,0
Tests/openjpa-kernel,org.apache.openjpa.ee,WASManagedRuntime.WASSynchronization,31,0,6,0,12,0,6,0,3,0
Tests/openjpa-kernel,org.apache.openjpa.ee,AbstractManagedRuntime,86,0,0,0,33,0,4,0,4,0
Tests/openjpa-kernel,org.apache.openjpa.ee,OSGiManagedRuntime,71,0,10,0,24,0,11,0,6,0
Tests/openjpa-kernel,org.apache.openjpa.ee,RegistryManagedRuntime,62,0,2,0,20,0,10,0,9,0
Tests/openjpa-kernel,org.apache.openjpa.ee,RegistryManagedRuntime.TransactionManagerRegistryFacade,60,0,0,0,18,0,14,0,14,0
Tests/openjpa-kernel,org.apache.openjpa.ee,JNDIManagedRuntime,45,0,2,0,15,0,7,0,6,0
Tests/openjpa-kernel,org.apache.openjpa.ee,OSGiManagedRuntime.Listener,45,0,3,0,15,0,4,0,2,0
Tests/openjpa-kernel,org.apache.openjpa.ee,SunOneManagedRuntime,42,0,0,0,10,0,4,0,4,0
Tests/openjpa-kernel,org.apache.openjpa.ee,WASManagedRuntime,142,0,6,0,42,0,12,0,9,0
Tests/openjpa-kernel,org.apache.openjpa.ee,AutomaticManagedRuntime,438,0,42,0,141,0,31,0,10,0
Tests/openjpa-kernel,org.apache.openjpa.instrumentation,InstrumentationManagerImpl,112,0,18,0,32,0,16,0,7,0
Tests/openjpa-kernel,org.apache.openjpa.instrumentation,AbstractQueryCacheInstrument,263,0,40,0,93,0,45,0,25,0
Tests/openjpa-kernel,org.apache.openjpa.instrumentation,AbstractPreparedQueryCacheInstrument,160,0,26,0,63,0,33,0,20,0
Tests/openjpa-kernel,org.apache.openjpa.instrumentation,AbstractDataCacheInstrument,258,0,38,0,97,0,50,0,31,0
Tests/openjpa-kernel,org.apache.openjpa.kernel.exps,Concat,78,0,4,0,19,0,7,0,5,0
Tests/openjpa-kernel,org.apache.openjpa.kernel.exps,NotEqualExpression,19,0,8,0,4,0,6,0,2,0
Tests/openjpa-kernel,org.apache.openjpa.kernel.exps,Type,32,0,0,0,11,0,5,0,5,0
Tests/openjpa-kernel,org.apache.openjpa.kernel.exps,Divide,11,0,0,0,3,0,2,0,2,0
Tests/openjpa-kernel,org.apache.openjpa.kernel.exps,WhenScalar,30,0,0,0,11,0,4,0,4,0
Tests/openjpa-kernel,org.apache.openjpa.kernel.exps,Cast,73,0,6,0,18,0,9,0,6,0
Tests/openjpa-kernel,org.apache.openjpa.kernel.exps,WhenCondition,30,0,0,0,11,0,4,0,4,0
Tests/openjpa-kernel,org.apache.openjpa.kernel.exps,ContainsValueExpression,13,0,2,0,3,0,3,0,2,0
Tests/openjpa-kernel,org.apache.openjpa.kernel.exps,Any,40,0,12,0,8,0,10,0,4,0
Tests/openjpa-kernel,org.apache.openjpa.kernel.exps,All,40,0,12,0,8,0,10,0,4,0
Tests/openjpa-kernel,org.apache.openjpa.kernel.exps,QueryExpressions,135,0,10,0,40,0,13,0,8,0
Tests/openjpa-kernel,org.apache.openjpa.kernel.exps,Multiply,11,0,0,0,3,0,2,0,2,0
Tests/openjpa-kernel,org.apache.openjpa.kernel.exps,ContainsKeyExpression,13,0,2,0,3,0,3,0,2,0
Tests/openjpa-kernel,org.apache.openjpa.kernel.exps,OrExpression,62,0,8,0,13,0,8,0,4,0
Tests/openjpa-kernel,org.apache.openjpa.kernel.exps,LessThanEqualExpression,19,0,4,0,5,0,4,0,2,0
Tests/openjpa-kernel,org.apache.openjpa.kernel.exps,Coalesce,151,0,20,0,27,0,18,0,8,0
Tests/openjpa-kernel,org.apache.openjpa.kernel.exps,LessThanExpression,19,0,4,0,5,0,4,0,2,0
Tests/openjpa-kernel,org.apache.openjpa.kernel.exps,Max,31,0,8,0,9,0,7,0,3,0
Tests/openjpa-kernel,org.apache.openjpa.kernel.exps,QueryExpressions.AggregateExpressionVisitor,66,0,16,0,20,0,12,0,4,0
Tests/openjpa-kernel,org.apache.openjpa.kernel.exps,This,10,0,0,0,4,0,4,0,4,0
Tests/openjpa-kernel,org.apache.openjpa.kernel.exps,GreaterThanEqualExpression,19,0,4,0,5,0,4,0,2,0
Tests/openjpa-kernel,org.apache.openjpa.kernel.exps,UnboundVariable,28,0,0,0,12,0,6,0,6,0
Tests/openjpa-kernel,org.apache.openjpa.kernel.exps,AbstractExpressionBuilder,957,0,183,0,213,0,117,0,25,0
Tests/openjpa-kernel,org.apache.openjpa.kernel.exps,ValExpression,64,0,12,0,12,0,10,0,4,0
Tests/openjpa-kernel,org.apache.openjpa.kernel.exps,Extension,136,0,18,0,35,0,16,0,7,0
Tests/openjpa-kernel,org.apache.openjpa.kernel.exps,CompareExpression,124,0,16,0,27,0,12,0,4,0
Tests/openjpa-kernel,org.apache.openjpa.kernel.exps,EqualExpression,19,0,8,0,4,0,6,0,2,0
Tests/openjpa-kernel,org.apache.openjpa.kernel.exps,SubQ,46,0,0,0,17,0,10,0,10,0
Tests/openjpa-kernel,org.apache.openjpa.kernel.exps,Index,17,0,0,0,5,0,4,0,4,0
Tests/openjpa-kernel,org.apache.openjpa.kernel.exps,BindVariableExpression,76,0,8,0,21,0,11,0,7,0
Tests/openjpa-kernel,org.apache.openjpa.kernel.exps,Add,11,0,0,0,3,0,2,0,2,0
Tests/openjpa-kernel,org.apache.openjpa.kernel.exps,GreaterThanExpression,19,0,4,0,5,0,4,0,2,0
Tests/openjpa-kernel,org.apache.openjpa.kernel.exps,CandidatePath,229,0,40,0,72,0,37,0,17,0
Tests/openjpa-kernel,org.apache.openjpa.kernel.exps,ValuePath,34,0,0,0,9,0,4,0,4,0
Tests/openjpa-kernel,org.apache.openjpa.kernel.exps,InMemoryExpressionFactory.ArrayKey,79,0,14,0,18,0,10,0,3,0
Tests/openjpa-kernel,org.apache.openjpa.kernel.exps,UnaryMathVal,39,0,0,0,11,0,5,0,5,0
Tests/openjpa-kernel,org.apache.openjpa.kernel.exps,GeneralCase,153,0,12,0,31,0,13,0,7,0
Tests/openjpa-kernel,org.apache.openjpa.kernel.exps,InMemoryExpressionFactory,1330,0,140,0,222,0,163,0,93,0
Tests/openjpa-kernel,org.apache.openjpa.kernel.exps,GetMapValue,31,0,0,0,9,0,5,0,5,0
Tests/openjpa-kernel,org.apache.openjpa.kernel.exps,Param,41,0,0,0,15,0,7,0,7,0
Tests/openjpa-kernel,org.apache.openjpa.kernel.exps,WildcardMatch,73,0,8,0,12,0,10,0,6,0
Tests/openjpa-kernel,org.apache.openjpa.kernel.exps,Aggregate,108,0,12,0,29,0,15,0,9,0
Tests/openjpa-kernel,org.apache.openjpa.kernel.exps,Null,8,0,0,0,4,0,4,0,4,0
Tests/openjpa-kernel,org.apache.openjpa.kernel.exps,CurrentDate,36,0,0,0,10,0,4,0,4,0
Tests/openjpa-kernel,org.apache.openjpa.kernel.exps,Abs,89,0,24,0,20,0,15,0,3,0
Tests/openjpa-kernel,org.apache.openjpa.kernel.exps,MathVal,64,0,0,0,16,0,5,0,5,0
Tests/openjpa-kernel,org.apache.openjpa.kernel.exps,ToLowerCase,30,0,0,0,10,0,5,0,5,0
Tests/openjpa-kernel,org.apache.openjpa.kernel.exps,AbstractExpressionVisitor,7,0,0,0,5,0,5,0,5,0
Tests/openjpa-kernel,org.apache.openjpa.kernel.exps,Distinct,55,0,4,0,16,0,8,0,6,0
Tests/openjpa-kernel,org.apache.openjpa.kernel.exps,Sqrt,12,0,0,0,4,0,3,0,3,0
Tests/openjpa-kernel,org.apache.openjpa.kernel.exps,Count,25,0,4,0,8,0,5,0,3,0
Tests/openjpa-kernel,org.apache.openjpa.kernel.exps,Subtract,11,0,0,0,3,0,2,0,2,0
Tests/openjpa-kernel,org.apache.openjpa.kernel.exps,StringLength,50,0,4,0,17,0,7,0,5,0
Tests/openjpa-kernel,org.apache.openjpa.kernel.exps,Args,146,0,12,0,27,0,14,0,8,0
Tests/openjpa-kernel,org.apache.openjpa.kernel.exps,MatchesExpression,110,0,14,0,24,0,10,0,3,0
Tests/openjpa-kernel,org.apache.openjpa.kernel.exps,BindVariableAndExpression,68,0,14,0,18,0,10,0,3,0
Tests/openjpa-kernel,org.apache.openjpa.kernel.exps,SimpleCase,228,0,28,0,44,0,21,0,7,0
Tests/openjpa-kernel,org.apache.openjpa.kernel.exps,GetObjectId,30,0,0,0,10,0,5,0,5,0
Tests/openjpa-kernel,org.apache.openjpa.kernel.exps,StringContains,32,0,6,0,10,0,9,0,6,0
Tests/openjpa-kernel,org.apache.openjpa.kernel.exps,NullIf,135,0,20,0,33,0,19,0,9,0
Tests/openjpa-kernel,org.apache.openjpa.kernel.exps,Val,113,0,8,0,36,0,19,0,15,0
Tests/openjpa-kernel,org.apache.openjpa.kernel.exps,NotExpression,40,0,4,0,9,0,6,0,4,0
Tests/openjpa-kernel,org.apache.openjpa.kernel.exps,Substring,89,0,4,0,20,0,7,0,5,0
Tests/openjpa-kernel,org.apache.openjpa.kernel.exps,Mod,11,0,0,0,3,0,2,0,2,0
Tests/openjpa-kernel,org.apache.openjpa.kernel.exps,QueryExpressions.ParameterExpressionVisitor,48,0,8,0,14,0,7,0,3,0
Tests/openjpa-kernel,org.apache.openjpa.kernel.exps,InMemoryExpressionFactory.OrderValueComparator,131,0,24,0,29,0,14,0,2,0
Tests/openjpa-kernel,org.apache.openjpa.kernel.exps,EndsWithExpression,17,0,4,0,5,0,4,0,2,0
Tests/openjpa-kernel,org.apache.openjpa.kernel.exps,Trim,96,0,14,0,25,0,12,0,5,0
Tests/openjpa-kernel,org.apache.openjpa.kernel.exps,CollectionParam,41,0,0,0,15,0,7,0,7,0
Tests/openjpa-kernel,org.apache.openjpa.kernel.exps,TypeLit,41,0,2,0,13,0,9,0,8,0
Tests/openjpa-kernel,org.apache.openjpa.kernel.exps,Size,29,0,6,0,8,0,6,0,3,0
Tests/openjpa-kernel,org.apache.openjpa.kernel.exps,Avg,49,0,8,0,16,0,7,0,3,0
Tests/openjpa-kernel,org.apache.openjpa.kernel.exps,ContainsExpression,113,0,20,0,25,0,15,0,5,0
Tests/openjpa-kernel,org.apache.openjpa.kernel.exps,IsEmptyExpression,84,0,16,0,26,0,12,0,4,0
Tests/openjpa-kernel,org.apache.openjpa.kernel.exps,StartsWithExpression,17,0,4,0,5,0,4,0,2,0
Tests/openjpa-kernel,org.apache.openjpa.kernel.exps,BindKeyVariableExpression,15,0,2,0,4,0,3,0,2,0
Tests/openjpa-kernel,org.apache.openjpa.kernel.exps,CandidatePath.Traversal,25,0,2,0,8,0,4,0,3,0
Tests/openjpa-kernel,org.apache.openjpa.kernel.exps,Lit,41,0,2,0,13,0,9,0,8,0
Tests/openjpa-kernel,org.apache.openjpa.kernel.exps,AndExpression,68,0,8,0,15,0,10,0,6,0
Tests/openjpa-kernel,org.apache.openjpa.kernel.exps,BoundVariable,60,0,8,0,19,0,11,0,7,0
Tests/openjpa-kernel,org.apache.openjpa.kernel.exps,IndexOf,78,0,2,0,20,0,6,0,5,0
Tests/openjpa-kernel,org.apache.openjpa.kernel.exps,AggregateVal,70,0,4,0,20,0,10,0,8,0
Tests/openjpa-kernel,org.apache.openjpa.kernel.exps,InstanceofExpression,56,0,4,0,12,0,6,0,4,0
Tests/openjpa-kernel,org.apache.openjpa.kernel.exps,Min,31,0,8,0,9,0,7,0,3,0
Tests/openjpa-kernel,org.apache.openjpa.kernel.exps,Sum,54,0,12,0,15,0,9,0,3,0
Tests/openjpa-kernel,org.apache.openjpa.kernel.exps,Context,264,0,34,0,85,0,40,0,23,0
Tests/openjpa-kernel,org.apache.openjpa.kernel.exps,ToUpperCase,30,0,0,0,11,0,5,0,5,0
Tests/openjpa-kernel,org.apache.openjpa.kernel.exps,Exp,39,0,0,0,16,0,6,0,6,0
Tests/openjpa-kernel,org.apache.openjpa.kernel.exps,BindValueVariableExpression,15,0,2,0,4,0,3,0,2,0
Tests/openjpa-kernel,org.apache.openjpa.ant,MetaDataToolTask.Action,5,0,0,0,2,0,2,0,2,0
Tests/openjpa-kernel,org.apache.openjpa.ant,ApplicationIdToolTask,73,0,2,0,22,0,10,0,9,0
Tests/openjpa-kernel,org.apache.openjpa.ant,MetaDataToolTask,88,0,8,0,21,0,10,0,6,0
Tests/openjpa-kernel,org.apache.openjpa.ant,PCEnhancerTask,65,0,2,0,18,0,8,0,7,0
Tests/openjpa-kernel,org.apache.openjpa.conf,Compatibility,339,0,6,0,131,0,66,0,63,0
Tests/openjpa-kernel,org.apache.openjpa.conf,CacheMarshallersValue,144,0,14,0,39,0,15,0,8,0
Tests/openjpa-kernel,org.apache.openjpa.conf,DetachOptions.All,5,0,0,0,2,0,2,0,2,0
Tests/openjpa-kernel,org.apache.openjpa.conf,DetachOptions,132,0,16,0,42,0,22,0,14,0
Tests/openjpa-kernel,org.apache.openjpa.conf,CacheMarshallerImpl,433,0,50,0,123,0,43,0,18,0
Tests/openjpa-kernel,org.apache.openjpa.conf,AutoDetachValue,133,0,6,0,24,0,9,0,6,0
Tests/openjpa-kernel,org.apache.openjpa.conf,SeqValue,49,0,0,0,9,0,2,0,2,0
Tests/openjpa-kernel,org.apache.openjpa.conf,RemoteCommitProviderValue,153,0,8,0,39,0,17,0,13,0
Tests/openjpa-kernel,org.apache.openjpa.conf,MetaDataRepositoryValue,70,0,6,0,19,0,5,0,2,0
Tests/openjpa-kernel,org.apache.openjpa.conf,DetachOptions.Loaded,5,0,0,0,2,0,2,0,2,0
Tests/openjpa-kernel,org.apache.openjpa.conf,BrokerValue,102,0,6,0,20,0,7,0,4,0
Tests/openjpa-kernel,org.apache.openjpa.conf,NoOpCacheMarshaller,14,0,0,0,7,0,6,0,6,0
Tests/openjpa-kernel,org.apache.openjpa.conf,Specification,247,0,30,0,46,0,30,0,15,0
Tests/openjpa-kernel,org.apache.openjpa.conf,SpecificationPlugin,114,0,16,0,33,0,15,0,7,0
Tests/openjpa-kernel,org.apache.openjpa.conf,BrokerFactoryValue,94,0,6,0,22,0,7,0,4,0
Tests/openjpa-kernel,org.apache.openjpa.conf,MetaDataCacheMaintenance,448,0,34,0,91,0,27,0,10,0
Tests/openjpa-kernel,org.apache.openjpa.conf,OpenJPAVersionAndConfigurationTypeValidationPolicy,55,0,6,0,13,0,9,0,6,0
Tests/openjpa-kernel,org.apache.openjpa.conf,OpenJPAVersion,266,0,16,0,66,0,14,0,6,0
Tests/openjpa-kernel,org.apache.openjpa.conf,QueryCompilationCacheValue,95,0,10,0,17,0,8,0,3,0
Tests/openjpa-kernel,org.apache.openjpa.conf,DetachOptions.FetchGroups,5,0,0,0,2,0,2,0,2,0
Tests/openjpa-kernel,org.apache.openjpa.conf,CallbackOptions,33,0,0,0,13,0,7,0,7,0
Tests/openjpa-kernel,org.apache.openjpa.conf,OpenJPAConfigurationImpl,3952,0,124,0,920,0,346,0,284,0
Tests/openjpa-kernel,org.apache.openjpa.abstractstore,AbstractStoreBrokerFactory,131,0,4,0,42,0,9,0,7,0
Tests/openjpa-kernel,org.apache.openjpa.abstractstore,AbstractStoreManager,323,0,48,0,91,0,57,0,33,0
Tests/openjpa-kernel,org.apache.openjpa.meta,MetaDataTool.Flags,12,0,0,0,4,0,1,0,1,0
Tests/openjpa-kernel,org.apache.openjpa.meta,Extensions,631,0,114,0,133,0,90,0,33,0
Tests/openjpa-kernel,org.apache.openjpa.meta,AbstractCFMetaDataFactory,2404,0,386,0,524,0,225,0,32,0
Tests/openjpa-kernel,org.apache.openjpa.meta,InMemoryRelatedFieldOrder,108,0,22,0,29,0,16,0,5,0
Tests/openjpa-kernel,org.apache.openjpa.meta,FieldMetaData.MemberProvider,107,0,6,0,35,0,8,0,5,0
Tests/openjpa-kernel,org.apache.openjpa.meta,AbstractMetaDataDefaults,512,0,100,0,138,0,86,0,36,0
Tests/openjpa-kernel,org.apache.openjpa.meta,NonPersistentMetaData,123,0,8,0,41,0,22,0,18,0
Tests/openjpa-kernel,org.apache.openjpa.meta,MetaDataTool.new Configurations.Runnable() {...},20,0,0,0,4,0,2,0,2,0
Tests/openjpa-kernel,org.apache.openjpa.meta,FetchGroup,632,0,134,0,139,0,89,0,22,0
Tests/openjpa-kernel,org.apache.openjpa.meta,XMLFieldMetaData,134,0,12,0,39,0,26,0,20,0
Tests/openjpa-kernel,org.apache.openjpa.meta,InterfaceImplGenerator,518,0,30,0,116,0,25,0,10,0
Tests/openjpa-kernel,org.apache.openjpa.meta,ValueStrategies,181,0,14,0,46,0,13,0,5,0
Tests/openjpa-kernel,org.apache.openjpa.meta,MultiQueryMetaData.Parameter,42,0,0,0,16,0,6,0,6,0
Tests/openjpa-kernel,org.apache.openjpa.meta,AbstractCFMetaDataFactory.new PrivilegedAction() {...},42,0,0,0,7,0,2,0,2,0
Tests/openjpa-kernel,org.apache.openjpa.meta,AbstractCFMetaDataFactory.new PrivilegedAction() {...},62,0,0,0,10,0,2,0,2,0
Tests/openjpa-kernel,org.apache.openjpa.meta,JavaTypes,855,0,191,0,213,0,130,0,18,0
Tests/openjpa-kernel,org.apache.openjpa.meta,UpdateStrategies,99,0,12,0,22,0,11,0,4,0
Tests/openjpa-kernel,org.apache.openjpa.meta,DelegatingMetaDataFactory,129,0,2,0,37,0,24,0,23,0
Tests/openjpa-kernel,org.apache.openjpa.meta,AccessCode,407,0,114,0,86,0,81,0,24,0
Tests/openjpa-kernel,org.apache.openjpa.meta,MetaDataRepository,4558,0,672,0,1058,0,482,0,146,0
Tests/openjpa-kernel,org.apache.openjpa.meta,Extensions.HashKey,55,0,10,0,15,0,8,0,3,0
Tests/openjpa-kernel,org.apache.openjpa.meta,MultiQueryMetaData,154,0,4,0,34,0,16,0,14,0
Tests/openjpa-kernel,org.apache.openjpa.meta,InMemoryValueOrder,195,0,42,0,45,0,27,0,6,0
Tests/openjpa-kernel,org.apache.openjpa.meta,FieldMetaData,3897,0,705,0,978,0,541,0,179,0
Tests/openjpa-kernel,org.apache.openjpa.meta,NoneMetaDataFactory,75,0,0,0,41,0,41,0,41,0
Tests/openjpa-kernel,org.apache.openjpa.meta,MultiQueryMetaData.Parameter.Mode,44,0,0,0,1,0,1,0,1,0
Tests/openjpa-kernel,org.apache.openjpa.meta,ValueMetaDataImpl,1070,0,186,0,259,0,143,0,49,0
Tests/openjpa-kernel,org.apache.openjpa.meta,XMLClassMetaData,132,0,4,0,39,0,21,0,19,0
Tests/openjpa-kernel,org.apache.openjpa.meta,FieldMetaData.Unknown,6,0,0,0,1,0,1,0,1,0
Tests/openjpa-kernel,org.apache.openjpa.meta,MetaDataRepository.QueryKey,51,0,12,0,9,0,8,0,2,0
Tests/openjpa-kernel,org.apache.openjpa.meta,ClassMetaData,5237,0,809,0,1234,0,580,0,169,0
Tests/openjpa-kernel,org.apache.openjpa.meta,MetaDataTool,536,0,68,0,129,0,51,0,17,0
Tests/openjpa-kernel,org.apache.openjpa.meta,ClassMetaData.ListingOrderComparator,74,0,18,0,22,0,12,0,3,0
Tests/openjpa-kernel,org.apache.openjpa.meta,LifecycleMetaData,495,0,74,0,104,0,51,0,14,0
Tests/openjpa-kernel,org.apache.openjpa.meta,AbstractMetaDataFactory,83,0,4,0,32,0,18,0,16,0
Tests/openjpa-kernel,org.apache.openjpa.meta,ProxySetupStateManager,365,0,20,0,82,0,60,0,49,0
Tests/openjpa-kernel,org.apache.openjpa.meta,MetaDataInheritanceComparator,87,0,20,0,23,0,13,0,3,0
Tests/openjpa-kernel,org.apache.openjpa.meta,SequenceMetaData,449,0,36,0,136,0,60,0,42,0
Tests/openjpa-kernel,org.apache.openjpa.meta,QueryMetaData,291,0,32,0,82,0,55,0,39,0
Tests/openjpa-kernel,org.apache.openjpa.meta,InheritanceComparator,115,0,28,0,39,0,20,0,6,0
Tests/openjpa-kernel,org.apache.openjpa.meta,Extensions.EmbeddedExtensions,10,0,0,0,4,0,2,0,2,0
Tests/openjpa-kernel,org.apache.openjpa.util,CacheMap.EntryIterator,89,0,12,0,21,0,13,0,6,0
Tests/openjpa-kernel,org.apache.openjpa.util,Serialization.PersistentObjectInputStream.new PrivilegedAction() {...},13,0,0,0,3,0,2,0,2,0
Tests/openjpa-kernel,org.apache.openjpa.util,IntId,59,0,6,0,15,0,12,0,9,0
Tests/openjpa-kernel,org.apache.openjpa.util,DelayedTreeSetProxy,710,0,166,0,188,0,142,0,59,0
Tests/openjpa-kernel,org.apache.openjpa.util,StringId,47,0,4,0,11,0,9,0,7,0
Tests/openjpa-kernel,org.apache.openjpa.util,QueryException,78,0,2,0,22,0,10,0,9,0
Tests/openjpa-kernel,org.apache.openjpa.util,DelayedHashSetProxy,511,0,102,0,138,0,94,0,43,0
Tests/openjpa-kernel,org.apache.openjpa.util,Proxies,160,18,40,6,39,6,26,4,4,3
Tests/openjpa-kernel,org.apache.openjpa.util,Exceptions.new OutputStream() {...},4,0,0,0,2,0,2,0,2,0
Tests/openjpa-kernel,org.apache.openjpa.util,DelayedPriorityQueueProxy,621,0,116,0,167,0,107,0,49,0
Tests/openjpa-kernel,org.apache.openjpa.util,StoreFacadeTypeRegistry.Key,39,0,6,0,9,0,6,0,3,0
Tests/openjpa-kernel,org.apache.openjpa.util,FloatId,61,0,6,0,15,0,12,0,9,0
Tests/openjpa-kernel,org.apache.openjpa.util,BooleanId,53,0,2,0,15,0,10,0,9,0
Tests/openjpa-kernel,org.apache.openjpa.util,StoreException,26,0,0,0,11,0,6,0,6,0
Tests/openjpa-kernel,org.apache.openjpa.util,BigDecimalId,68,0,10,0,20,0,13,0,8,0
Tests/openjpa-kernel,org.apache.openjpa.util,BlacklistClassResolver,90,0,16,0,17,0,14,0,6,0
Tests/openjpa-kernel,org.apache.openjpa.util,MultiLoaderClassResolver,39,0,2,0,10,0,5,0,4,0
Tests/openjpa-kernel,org.apache.openjpa.util,ProxyConcurrentMaps,33,0,4,0,9,0,5,0,3,0
Tests/openjpa-kernel,org.apache.openjpa.util,ProxyCollections,551,68,101,9,166,19,95,7,41,6
Tests/openjpa-kernel,org.apache.openjpa.util,CharId,60,0,6,0,15,0,12,0,9,0
Tests/openjpa-kernel,org.apache.openjpa.util,NoResultException,14,0,0,0,6,0,3,0,3,0
Tests/openjpa-kernel,org.apache.openjpa.util,AbstractLRSProxyMap,677,0,110,0,162,0,93,0,38,0
Tests/openjpa-kernel,org.apache.openjpa.util,ReferentialIntegrityException,57,0,3,0,20,0,11,0,9,0
Tests/openjpa-kernel,org.apache.openjpa.util,AbstractLRSProxyMap.new AbstractSet() {...},24,0,2,0,4,0,5,0,4,0
Tests/openjpa-kernel,org.apache.openjpa.util,AbstractLRSProxyMap.new AbstractCollection() {...},15,0,0,0,3,0,3,0,3,0
Tests/openjpa-kernel,org.apache.openjpa.util,AbstractLRSProxyMap.new AbstractSet() {...},15,0,0,0,3,0,3,0,3,0
Tests/openjpa-kernel,org.apache.openjpa.util,DelayedLinkedListProxy,981,0,224,0,289,0,184,0,72,0
Tests/openjpa-kernel,org.apache.openjpa.util,CacheMap.EntrySet,30,0,0,0,6,0,4,0,4,0
Tests/openjpa-kernel,org.apache.openjpa.util,AbstractChangeTracker,210,36,42,2,62,15,37,4,15,4
Tests/openjpa-kernel,org.apache.openjpa.util,UserException,27,0,0,0,13,0,7,0,7,0
Tests/openjpa-kernel,org.apache.openjpa.util,Serialization.PersistentObjectOutputStream.new PrivilegedAction() {...},13,0,0,0,3,0,2,0,2,0
Tests/openjpa-kernel,org.apache.openjpa.util,DelayedCollectionChangeTrackerImpl,78,0,18,0,18,0,13,0,4,0
Tests/openjpa-kernel,org.apache.openjpa.util,GeneralException,27,0,0,0,13,0,7,0,7,0
Tests/openjpa-kernel,org.apache.openjpa.util,DelayedLinkedHashSetProxy,511,0,102,0,138,0,94,0,43,0
Tests/openjpa-kernel,org.apache.openjpa.util,ClassResolverImpl,56,0,16,0,19,0,10,0,2,0
Tests/openjpa-kernel,org.apache.openjpa.util,GeneratedClasses,24,53,3,7,7,20,4,5,1,3
Tests/openjpa-kernel,org.apache.openjpa.util,ObjectId,52,0,6,0,13,0,10,0,7,0
Tests/openjpa-kernel,org.apache.openjpa.util,InvalidStateException,14,0,0,0,6,0,3,0,3,0
Tests/openjpa-kernel,org.apache.openjpa.util,DelayedVectorProxy,961,0,212,0,280,0,177,0,71,0
Tests/openjpa-kernel,org.apache.openjpa.util,Exceptions,453,0,82,0,109,0,54,0,13,0
Tests/openjpa-kernel,org.apache.openjpa.util,OpenJPAId,185,0,26,0,45,0,25,0,12,0
Tests/openjpa-kernel,org.apache.openjpa.util,DelayedArrayListProxy,653,0,136,0,181,0,119,0,51,0
Tests/openjpa-kernel,org.apache.openjpa.util,WrappedException,26,0,0,0,11,0,6,0,6,0
Tests/openjpa-kernel,org.apache.openjpa.util,NonUniqueResultException,14,0,0,0,6,0,3,0,3,0
Tests/openjpa-kernel,org.apache.openjpa.util,BigIntegerId,68,0,10,0,20,0,13,0,8,0
Tests/openjpa-kernel,org.apache.openjpa.util,CacheMap.new LRUMap() {...},0,14,0,0,0,3,0,2,0,2
Tests/openjpa-kernel,org.apache.openjpa.util,CacheMap.new ConcurrentReferenceHashMap() {...},11,10,0,0,4,1,2,1,2,1
Tests/openjpa-kernel,org.apache.openjpa.util,CacheMap.new ConcurrentHashMap() {...},14,0,0,0,3,0,2,0,2,0
Tests/openjpa-kernel,org.apache.openjpa.util,AbstractLRSProxyCollection.Itr,113,0,16,0,36,0,15,0,7,0
Tests/openjpa-kernel,org.apache.openjpa.util,DateId,70,0,4,0,17,0,12,0,10,0
Tests/openjpa-kernel,org.apache.openjpa.util,ApplicationIds,1248,0,225,0,285,0,145,0,15,0
Tests/openjpa-kernel,org.apache.openjpa.util,Serialization.ClassResolvingObjectInputStream,38,0,0,0,11,0,3,0,3,0
Tests/openjpa-kernel,org.apache.openjpa.util,MapChangeTrackerImpl,183,28,42,2,41,11,28,3,6,3
Tests/openjpa-kernel,org.apache.openjpa.util,CollectionChangeTrackerImpl,145,19,36,0,33,8,25,2,7,2
Tests/openjpa-kernel,org.apache.openjpa.util,Serialization.PersistentObjectOutputStream,27,0,2,0,6,0,3,0,2,0
Tests/openjpa-kernel,org.apache.openjpa.util,Serialization.ObjectIdMarker,6,0,0,0,3,0,1,0,1,0
Tests/openjpa-kernel,org.apache.openjpa.util,Serialization.PersistentObjectInputStream,73,0,10,0,21,0,8,0,3,0
Tests/openjpa-kernel,org.apache.openjpa.util,NoTransactionException,6,0,0,0,3,0,2,0,2,0
Tests/openjpa-kernel,org.apache.openjpa.util,Id,194,0,22,0,48,0,24,0,13,0
Tests/openjpa-kernel,org.apache.openjpa.util,DoubleId,68,0,6,0,16,0,12,0,9,0
Tests/openjpa-kernel,org.apache.openjpa.util,ProxyMaps,101,86,12,6,27,22,17,8,9,7
Tests/openjpa-kernel,org.apache.openjpa.util,StoreFacadeTypeRegistry,75,0,14,0,18,0,11,0,4,0
Tests/openjpa-kernel,org.apache.openjpa.util,Serialization,61,0,2,0,17,0,6,0,5,0
Tests/openjpa-kernel,org.apache.openjpa.util,AbstractLRSProxyMap.Itr,153,0,21,0,45,0,18,0,7,0
Tests/openjpa-kernel,org.apache.openjpa.util,ObjectExistsException,10,0,0,0,5,0,3,0,3,0
Tests/openjpa-kernel,org.apache.openjpa.util,CallbackException,10,0,0,0,5,0,3,0,3,0
Tests/openjpa-kernel,org.apache.openjpa.util,ByteId,59,0,6,0,15,0,12,0,9,0
Tests/openjpa-kernel,org.apache.openjpa.util,CacheMap.KeySet,17,0,0,0,3,0,3,0,3,0
Tests/openjpa-kernel,org.apache.openjpa.util,AbstractLRSProxyCollection,477,0,52,0,134,0,62,0,36,0
Tests/openjpa-kernel,org.apache.openjpa.util,LongId,66,0,6,0,15,0,12,0,9,0
Tests/openjpa-kernel,org.apache.openjpa.util,LockException,117,0,2,0,30,0,13,0,12,0
Tests/openjpa-kernel,org.apache.openjpa.util,ObjectNotFoundException,34,0,0,0,11,0,5,0,5,0
Tests/openjpa-kernel,org.apache.openjpa.util,ArrayStateImage,134,0,20,0,27,0,17,0,7,0
Tests/openjpa-kernel,org.apache.openjpa.util,ProxyCollections.new ProxyCollections.ProxyListIterator() {...},135,0,8,0,35,0,14,0,10,0
Tests/openjpa-kernel,org.apache.openjpa.util,ProxyCollections.new ProxyCollections.ProxyIterator() {...},25,24,2,0,7,5,2,3,1,3
Tests/openjpa-kernel,org.apache.openjpa.util,ProxyManagerImpl.new PrivilegedAction() {...},0,16,0,0,0,2,0,2,0,2
Tests/openjpa-kernel,org.apache.openjpa.util,ProxyManagerImpl.new PrivilegedAction() {...},16,0,0,0,2,0,2,0,2,0
Tests/openjpa-kernel,org.apache.openjpa.util,UnsupportedException,25,9,0,0,10,3,4,1,4,1
Tests/openjpa-kernel,org.apache.openjpa.util,InternalException,51,0,0,0,19,0,7,0,7,0
Tests/openjpa-kernel,org.apache.openjpa.util,MetaDataException,34,0,0,0,13,0,5,0,5,0
Tests/openjpa-kernel,org.apache.openjpa.util,ProxyManagerImpl,835,3584,151,245,187,806,129,135,10,56
Tests/openjpa-kernel,org.apache.openjpa.util,ImplHelper,337,37,77,7,92,7,56,3,12,3
Tests/openjpa-kernel,org.apache.openjpa.util,OpenJPAException,156,38,8,2,40,12,23,3,18,3
Tests/openjpa-kernel,org.apache.openjpa.util,ApplicationIds.PrimaryKeyFieldManager,183,0,8,0,49,0,30,0,26,0
Tests/openjpa-kernel,org.apache.openjpa.util,ProxyMaps.ProxyEntrySetImpl.new Iterator() {...},49,30,4,1,10,6,4,3,1,3
Tests/openjpa-kernel,org.apache.openjpa.util,ShortId,59,0,6,0,15,0,12,0,9,0
Tests/openjpa-kernel,org.apache.openjpa.util,CacheMap,337,363,41,33,74,93,46,30,22,17
Tests/openjpa-kernel,org.apache.openjpa.util,ProxyMaps.ProxyEntrySetImpl,43,26,7,0,12,9,8,3,4,3
Tests/openjpa-kernel,org.apache.openjpa.util,OptimisticException,44,0,0,0,14,0,6,0,6,0
Tests/openjpa-kernel,org.apache.openjpa.util,ImplHelper.new ConcurrentReferenceHashMap() {...},25,5,6,0,6,1,5,1,2,1
Tests/openjpa-kernel,org.apache.openjpa.util,CacheMap.ValueCollection,17,0,0,0,3,0,3,0,3,0
